<?xml version="1.0" encoding="UTF-8"?>
<!-- Generated by org.testng.reporters.JUnitReportReporter -->
<testsuite hostname="ankur" name="Extent_report.Total_wine_test_cases.TestNG_priority_check" tests="3" failures="0" timestamp="1 May 2018 18:16:16 GMT" time="0.012" errors="0">
  <testcase name="thirdTest" time="0.004" classname="Extent_report.Total_wine_test_cases.TestNG_priority_check"/>
  <testcase name="firstRunTest" time="0.004" classname="Extent_report.Total_wine_test_cases.TestNG_priority_check"/>
  <testcase name="secondRunTest" time="0.004" classname="Extent_report.Total_wine_test_cases.TestNG_priority_check"/>
</testsuite> <!-- Extent_report.Total_wine_test_cases.TestNG_priority_check -->
