<?xml version="1.0" encoding="UTF-8"?>
<!-- Generated by org.testng.reporters.JUnitReportReporter -->
<testsuite hostname="ankur" name="Extent_report.Total_wine.AppTest" tests="3" failures="0" timestamp="1 May 2018 06:52:55 GMT" time="0.031" errors="0">
  <testcase name="firstRunTest" time="0.014" classname="Extent_report.Total_wine.AppTest"/>
  <testcase name="thirdTest" time="0.014" classname="Extent_report.Total_wine.AppTest"/>
  <testcase name="secondRunTest" time="0.003" classname="Extent_report.Total_wine.AppTest"/>
</testsuite> <!-- Extent_report.Total_wine.AppTest -->
